<?xml version="1.0" encoding="UTF-8"?>
<!-- Generated by org.testng.reporters.JUnitReportReporter -->
<testsuite hostname="DESKTOP-8STKE9I" failures="0" tests="2" name="com.orange.hrmlive.DataProviderTest" time="28.856" errors="0" timestamp="2020-12-07T11:45:28 IST" skipped="0">
  <testcase classname="com.orange.hrmlive.DataProviderTest" name="dt" time="16.668"/>
  <system-out/>
  <testcase classname="com.orange.hrmlive.DataProviderTest" name="dt" time="12.188"/>
  <system-out/>
</testsuite> <!-- com.orange.hrmlive.DataProviderTest -->
