<?xml version="1.0" encoding="UTF-8"?>
<!-- Generated by org.testng.reporters.JUnitReportReporter -->
<testsuite hostname="DESKTOP-8STKE9I" failures="0" tests="3" name="com.orange.hrmlive.TestngHRM" time="18.956" errors="0" timestamp="2020-12-07T11:18:11 IST" skipped="0">
  <testcase classname="com.orange.hrmlive.TestngHRM" name="pimTest" time="4.274"/>
  <system-out/>
  <testcase classname="com.orange.hrmlive.TestngHRM" name="leaveTest" time="6.025"/>
  <system-out/>
  <testcase classname="com.orange.hrmlive.TestngHRM" name="adminTest" time="8.657"/>
  <system-out/>
</testsuite> <!-- com.orange.hrmlive.TestngHRM -->
