<?xml version="1.0" encoding="UTF-8"?>
<!-- Generated by org.testng.reporters.JUnitReportReporter -->
<testsuite hostname="DESKTOP-8STKE9I" failures="0" tests="4" name="com.orange.hrmlive.GroupTest" time="0.041" errors="0" timestamp="2020-12-07T12:07:32 IST" skipped="0">
  <testcase classname="com.orange.hrmlive.GroupTest" name="leavemodule2" time="0.006"/>
  <system-out/>
  <testcase classname="com.orange.hrmlive.GroupTest" name="adminmodule2" time="0.002"/>
  <system-out/>
  <testcase classname="com.orange.hrmlive.GroupTest" name="leavemodule1" time="0.012"/>
  <system-out/>
  <testcase classname="com.orange.hrmlive.GroupTest" name="adminmodule1" time="0.021"/>
  <system-out/>
</testsuite> <!-- com.orange.hrmlive.GroupTest -->
