<?xml version="1.0" encoding="UTF-8"?>
<!-- Generated by org.testng.reporters.JUnitReportReporter -->
<testsuite hostname="DESKTOP-8STKE9I" failures="0" tests="1" name="com.orange.hrmlive.XmlTest" time="18.826" errors="0" timestamp="2020-12-07T11:18:11 IST" skipped="0">
  <testcase classname="com.orange.hrmlive.XmlTest" name="paraTest" time="18.826"/>
  <system-out/>
</testsuite> <!-- com.orange.hrmlive.XmlTest -->
