<?xml version="1.0" encoding="UTF-8"?>
<!-- Generated by org.testng.reporters.JUnitReportReporter -->
<testsuite skipped="0" hostname="DESKTOP-8STKE9I" name="com.orange.hrmlive.GroupTest" tests="4" failures="0" timestamp="2020-12-07T18:14:45 IST" time="0.004" errors="0">
  <testcase name="leavemodule1" time="0.001" classname="com.orange.hrmlive.GroupTest"/>
  <system-out/>
  <testcase name="adminmodule1" time="0.001" classname="com.orange.hrmlive.GroupTest"/>
  <system-out/>
  <testcase name="leavemodule2" time="0.001" classname="com.orange.hrmlive.GroupTest"/>
  <system-out/>
  <testcase name="adminmodule2" time="0.001" classname="com.orange.hrmlive.GroupTest"/>
  <system-out/>
</testsuite> <!-- com.orange.hrmlive.GroupTest -->
